[2025-11-26T03:56:11.844+0000] {local_task_job_runner.py:120} INFO - ::group::Pre task execution logs
[2025-11-26T03:56:12.035+0000] {taskinstance.py:2076} INFO - Dependencies all met for dep_context=non-requeueable deps ti=<TaskInstance: titanic_pipeline.train_model manual__2025-11-25T15:48:58+00:00 [queued]>
[2025-11-26T03:56:12.066+0000] {taskinstance.py:2076} INFO - Dependencies all met for dep_context=requeueable deps ti=<TaskInstance: titanic_pipeline.train_model manual__2025-11-25T15:48:58+00:00 [queued]>
[2025-11-26T03:56:12.067+0000] {taskinstance.py:2306} INFO - Starting attempt 2 of 2
[2025-11-26T03:56:12.099+0000] {taskinstance.py:2330} INFO - Executing <Task(BashOperator): train_model> on 2025-11-25 15:48:58+00:00
[2025-11-26T03:56:12.116+0000] {standard_task_runner.py:63} INFO - Started process 71 to run task
[2025-11-26T03:56:12.144+0000] {standard_task_runner.py:90} INFO - Running: ['***', 'tasks', 'run', 'titanic_pipeline', 'train_model', 'manual__2025-11-25T15:48:58+00:00', '--job-id', '21', '--raw', '--subdir', 'DAGS_FOLDER/training_pipeline_dag.py', '--cfg-path', '/tmp/tmp7fxv7mtj']
[2025-11-26T03:56:12.149+0000] {standard_task_runner.py:91} INFO - Job 21: Subtask train_model
[2025-11-26T03:56:12.202+0000] {warnings.py:109} WARNING - /home/***/.local/lib/python3.10/site-packages/***/settings.py:195: DeprecationWarning: The sql_alchemy_conn option in [core] has been moved to the sql_alchemy_conn option in [database] - the old setting has been used, but please update your config.
  SQL_ALCHEMY_CONN = conf.get("database", "SQL_ALCHEMY_CONN")

[2025-11-26T03:56:12.300+0000] {task_command.py:426} INFO - Running <TaskInstance: titanic_pipeline.train_model manual__2025-11-25T15:48:58+00:00 [running]> on host dbedf4b22c46
[2025-11-26T03:56:12.437+0000] {taskinstance.py:2648} INFO - Exporting env vars: AIRFLOW_CTX_DAG_OWNER='***' AIRFLOW_CTX_DAG_ID='titanic_pipeline' AIRFLOW_CTX_TASK_ID='train_model' AIRFLOW_CTX_EXECUTION_DATE='2025-11-25T15:48:58+00:00' AIRFLOW_CTX_TRY_NUMBER='2' AIRFLOW_CTX_DAG_RUN_ID='manual__2025-11-25T15:48:58+00:00'
[2025-11-26T03:56:12.442+0000] {taskinstance.py:430} INFO - ::endgroup::
[2025-11-26T03:56:12.528+0000] {subprocess.py:63} INFO - Tmp dir root location: /tmp
[2025-11-26T03:56:12.536+0000] {subprocess.py:75} INFO - Running command: ['/usr/bin/bash', '-c', 'python /opt/***/scripts/train_model.py /opt/***/data/cleaned_data.csv']
[2025-11-26T03:56:12.566+0000] {subprocess.py:86} INFO - Output:
[2025-11-26T03:56:19.341+0000] {subprocess.py:93} INFO - 2025/11/26 03:56:19 WARNING mlflow.models.model: `artifact_path` is deprecated. Please use `name` instead.
[2025-11-26T03:56:20.019+0000] {subprocess.py:93} INFO - Loading processed data from: /opt/***/data/cleaned_data.csv
[2025-11-26T03:56:20.022+0000] {subprocess.py:93} INFO - 
[2025-11-26T03:56:20.023+0000] {subprocess.py:93} INFO - === Logging model to MLflow ===
[2025-11-26T03:56:20.025+0000] {subprocess.py:93} INFO - üèÉ View run gentle-whale-97 at: http://mlflow-server:5000/#/experiments/1/runs/ff678cd5561647ae81a4969bc80c086d
[2025-11-26T03:56:20.026+0000] {subprocess.py:93} INFO - üß™ View experiment at: http://mlflow-server:5000/#/experiments/1
[2025-11-26T03:56:20.028+0000] {subprocess.py:93} INFO - Traceback (most recent call last):
[2025-11-26T03:56:20.030+0000] {subprocess.py:93} INFO -   File "/opt/***/scripts/train_model.py", line 95, in <module>
[2025-11-26T03:56:20.033+0000] {subprocess.py:93} INFO -     train(sys.argv[1])
[2025-11-26T03:56:20.036+0000] {subprocess.py:93} INFO -   File "/opt/***/scripts/train_model.py", line 62, in train
[2025-11-26T03:56:20.044+0000] {subprocess.py:93} INFO -     model_info = mlflow.sklearn.log_model(
[2025-11-26T03:56:20.046+0000] {subprocess.py:93} INFO -   File "/home/***/.local/lib/python3.10/site-packages/mlflow/sklearn/__init__.py", line 426, in log_model
[2025-11-26T03:56:20.047+0000] {subprocess.py:93} INFO -     return Model.log(
[2025-11-26T03:56:20.048+0000] {subprocess.py:93} INFO -   File "/home/***/.local/lib/python3.10/site-packages/mlflow/models/model.py", line 1165, in log
[2025-11-26T03:56:20.051+0000] {subprocess.py:93} INFO -     model = _create_logged_model(
[2025-11-26T03:56:20.053+0000] {subprocess.py:93} INFO -   File "/home/***/.local/lib/python3.10/site-packages/mlflow/tracking/fluent.py", line 2330, in _create_logged_model
[2025-11-26T03:56:20.054+0000] {subprocess.py:93} INFO -     return MlflowClient()._create_logged_model(
[2025-11-26T03:56:20.055+0000] {subprocess.py:93} INFO -   File "/home/***/.local/lib/python3.10/site-packages/mlflow/tracking/client.py", line 5500, in _create_logged_model
[2025-11-26T03:56:20.059+0000] {subprocess.py:93} INFO -     return self._tracking_client.create_logged_model(
[2025-11-26T03:56:20.060+0000] {subprocess.py:93} INFO -   File "/home/***/.local/lib/python3.10/site-packages/mlflow/telemetry/track.py", line 30, in wrapper
[2025-11-26T03:56:20.062+0000] {subprocess.py:93} INFO -     result = func(*args, **kwargs)
[2025-11-26T03:56:20.063+0000] {subprocess.py:93} INFO -   File "/home/***/.local/lib/python3.10/site-packages/mlflow/tracking/_tracking_service/client.py", line 870, in create_logged_model
[2025-11-26T03:56:20.065+0000] {subprocess.py:93} INFO -     return self.store.create_logged_model(
[2025-11-26T03:56:20.066+0000] {subprocess.py:93} INFO -   File "/home/***/.local/lib/python3.10/site-packages/mlflow/store/tracking/rest_store.py", line 932, in create_logged_model
[2025-11-26T03:56:20.068+0000] {subprocess.py:93} INFO -     response_proto = self._call_endpoint(CreateLoggedModel, req_body)
[2025-11-26T03:56:20.069+0000] {subprocess.py:93} INFO -   File "/home/***/.local/lib/python3.10/site-packages/mlflow/store/tracking/rest_store.py", line 203, in _call_endpoint
[2025-11-26T03:56:20.071+0000] {subprocess.py:93} INFO -     return call_endpoint(
[2025-11-26T03:56:20.073+0000] {subprocess.py:93} INFO -   File "/home/***/.local/lib/python3.10/site-packages/mlflow/utils/rest_utils.py", line 596, in call_endpoint
[2025-11-26T03:56:20.075+0000] {subprocess.py:93} INFO -     response = verify_rest_response(response, endpoint)
[2025-11-26T03:56:20.077+0000] {subprocess.py:93} INFO -   File "/home/***/.local/lib/python3.10/site-packages/mlflow/utils/rest_utils.py", line 321, in verify_rest_response
[2025-11-26T03:56:20.078+0000] {subprocess.py:93} INFO -     raise MlflowException(
[2025-11-26T03:56:20.079+0000] {subprocess.py:93} INFO - mlflow.exceptions.MlflowException: API request to endpoint /api/2.0/mlflow/logged-models failed with error code 404 != 200. Response body: '<!doctype html>
[2025-11-26T03:56:20.081+0000] {subprocess.py:93} INFO - <html lang=en>
[2025-11-26T03:56:20.083+0000] {subprocess.py:93} INFO - <title>404 Not Found</title>
[2025-11-26T03:56:20.084+0000] {subprocess.py:93} INFO - <h1>Not Found</h1>
[2025-11-26T03:56:20.086+0000] {subprocess.py:93} INFO - <p>The requested URL was not found on the server. If you entered the URL manually please check your spelling and try again.</p>
[2025-11-26T03:56:20.088+0000] {subprocess.py:93} INFO - '
[2025-11-26T03:56:22.617+0000] {subprocess.py:97} INFO - Command exited with return code 1
[2025-11-26T03:56:22.635+0000] {taskinstance.py:441} INFO - ::group::Post task execution logs
[2025-11-26T03:56:22.694+0000] {taskinstance.py:2905} ERROR - Task failed with exception
Traceback (most recent call last):
  File "/home/airflow/.local/lib/python3.10/site-packages/airflow/models/taskinstance.py", line 465, in _execute_task
    result = _execute_callable(context=context, **execute_callable_kwargs)
  File "/home/airflow/.local/lib/python3.10/site-packages/airflow/models/taskinstance.py", line 432, in _execute_callable
    return execute_callable(context=context, **execute_callable_kwargs)
  File "/home/airflow/.local/lib/python3.10/site-packages/airflow/models/baseoperator.py", line 401, in wrapper
    return func(self, *args, **kwargs)
  File "/home/airflow/.local/lib/python3.10/site-packages/airflow/operators/bash.py", line 243, in execute
    raise AirflowException(
airflow.exceptions.AirflowException: Bash command failed. The command returned a non-zero exit code 1.
[2025-11-26T03:56:22.723+0000] {taskinstance.py:1206} INFO - Marking task as FAILED. dag_id=titanic_pipeline, task_id=train_model, run_id=manual__2025-11-25T15:48:58+00:00, execution_date=20251125T154858, start_date=20251126T035612, end_date=20251126T035622
[2025-11-26T03:56:22.794+0000] {standard_task_runner.py:110} ERROR - Failed to execute job 21 for task train_model (Bash command failed. The command returned a non-zero exit code 1.; 71)
[2025-11-26T03:56:22.846+0000] {local_task_job_runner.py:240} INFO - Task exited with return code 1
[2025-11-26T03:56:22.911+0000] {taskinstance.py:3503} INFO - 0 downstream tasks scheduled from follow-on schedule check
[2025-11-26T03:56:22.928+0000] {local_task_job_runner.py:222} INFO - ::endgroup::
