[2025-11-25T15:46:06.308+0000] {local_task_job_runner.py:120} INFO - ::group::Pre task execution logs
[2025-11-25T15:46:06.335+0000] {taskinstance.py:2076} INFO - Dependencies all met for dep_context=non-requeueable deps ti=<TaskInstance: titanic_pipeline.preprocess_data scheduled__2025-11-25T15:40:00+00:00 [queued]>
[2025-11-25T15:46:06.344+0000] {taskinstance.py:2076} INFO - Dependencies all met for dep_context=requeueable deps ti=<TaskInstance: titanic_pipeline.preprocess_data scheduled__2025-11-25T15:40:00+00:00 [queued]>
[2025-11-25T15:46:06.345+0000] {taskinstance.py:2306} INFO - Starting attempt 2 of 2
[2025-11-25T15:46:06.362+0000] {taskinstance.py:2330} INFO - Executing <Task(BashOperator): preprocess_data> on 2025-11-25 15:40:00+00:00
[2025-11-25T15:46:06.367+0000] {standard_task_runner.py:63} INFO - Started process 129 to run task
[2025-11-25T15:46:06.371+0000] {standard_task_runner.py:90} INFO - Running: ['***', 'tasks', 'run', 'titanic_pipeline', 'preprocess_data', 'scheduled__2025-11-25T15:40:00+00:00', '--job-id', '13', '--raw', '--subdir', 'DAGS_FOLDER/training_pipeline_dag.py', '--cfg-path', '/tmp/tmpqjksx2r_']
[2025-11-25T15:46:06.373+0000] {standard_task_runner.py:91} INFO - Job 13: Subtask preprocess_data
[2025-11-25T15:46:06.392+0000] {warnings.py:109} WARNING - /home/***/.local/lib/python3.10/site-packages/***/settings.py:195: DeprecationWarning: The sql_alchemy_conn option in [core] has been moved to the sql_alchemy_conn option in [database] - the old setting has been used, but please update your config.
  SQL_ALCHEMY_CONN = conf.get("database", "SQL_ALCHEMY_CONN")

[2025-11-25T15:46:06.463+0000] {task_command.py:426} INFO - Running <TaskInstance: titanic_pipeline.preprocess_data scheduled__2025-11-25T15:40:00+00:00 [running]> on host dbedf4b22c46
[2025-11-25T15:46:06.533+0000] {taskinstance.py:2648} INFO - Exporting env vars: AIRFLOW_CTX_DAG_OWNER='***' AIRFLOW_CTX_DAG_ID='titanic_pipeline' AIRFLOW_CTX_TASK_ID='preprocess_data' AIRFLOW_CTX_EXECUTION_DATE='2025-11-25T15:40:00+00:00' AIRFLOW_CTX_TRY_NUMBER='2' AIRFLOW_CTX_DAG_RUN_ID='scheduled__2025-11-25T15:40:00+00:00'
[2025-11-25T15:46:06.535+0000] {taskinstance.py:430} INFO - ::endgroup::
[2025-11-25T15:46:06.565+0000] {subprocess.py:63} INFO - Tmp dir root location: /tmp
[2025-11-25T15:46:06.567+0000] {subprocess.py:75} INFO - Running command: ['/usr/bin/bash', '-c', 'python /opt/***/scripts/preprocess.py /opt/***/data/raw_data.csv /opt/***/data/cleaned_data.csv']
[2025-11-25T15:46:06.580+0000] {subprocess.py:86} INFO - Output:
[2025-11-25T15:46:08.037+0000] {subprocess.py:93} INFO - Loading raw data from: /opt/***/data/raw_data.csv
[2025-11-25T15:46:08.038+0000] {subprocess.py:93} INFO - ERROR: Input file not found at /opt/***/data/raw_data.csv. Cannot proceed.
[2025-11-25T15:46:08.112+0000] {subprocess.py:97} INFO - Command exited with return code 1
[2025-11-25T15:46:08.114+0000] {taskinstance.py:441} INFO - ::group::Post task execution logs
[2025-11-25T15:46:08.125+0000] {taskinstance.py:2905} ERROR - Task failed with exception
Traceback (most recent call last):
  File "/home/airflow/.local/lib/python3.10/site-packages/airflow/models/taskinstance.py", line 465, in _execute_task
    result = _execute_callable(context=context, **execute_callable_kwargs)
  File "/home/airflow/.local/lib/python3.10/site-packages/airflow/models/taskinstance.py", line 432, in _execute_callable
    return execute_callable(context=context, **execute_callable_kwargs)
  File "/home/airflow/.local/lib/python3.10/site-packages/airflow/models/baseoperator.py", line 401, in wrapper
    return func(self, *args, **kwargs)
  File "/home/airflow/.local/lib/python3.10/site-packages/airflow/operators/bash.py", line 243, in execute
    raise AirflowException(
airflow.exceptions.AirflowException: Bash command failed. The command returned a non-zero exit code 1.
[2025-11-25T15:46:08.129+0000] {taskinstance.py:1206} INFO - Marking task as FAILED. dag_id=titanic_pipeline, task_id=preprocess_data, run_id=scheduled__2025-11-25T15:40:00+00:00, execution_date=20251125T154000, start_date=20251125T154606, end_date=20251125T154608
[2025-11-25T15:46:08.147+0000] {standard_task_runner.py:110} ERROR - Failed to execute job 13 for task preprocess_data (Bash command failed. The command returned a non-zero exit code 1.; 129)
[2025-11-25T15:46:08.192+0000] {local_task_job_runner.py:240} INFO - Task exited with return code 1
[2025-11-25T15:46:08.215+0000] {taskinstance.py:3503} INFO - 0 downstream tasks scheduled from follow-on schedule check
[2025-11-25T15:46:08.221+0000] {local_task_job_runner.py:222} INFO - ::endgroup::
