[2025-11-25T15:45:01.664+0000] {local_task_job_runner.py:120} INFO - ::group::Pre task execution logs
[2025-11-25T15:45:01.705+0000] {taskinstance.py:2076} INFO - Dependencies all met for dep_context=non-requeueable deps ti=<TaskInstance: titanic_pipeline.preprocess_data scheduled__2025-11-25T15:40:00+00:00 [queued]>
[2025-11-25T15:45:01.717+0000] {taskinstance.py:2076} INFO - Dependencies all met for dep_context=requeueable deps ti=<TaskInstance: titanic_pipeline.preprocess_data scheduled__2025-11-25T15:40:00+00:00 [queued]>
[2025-11-25T15:45:01.718+0000] {taskinstance.py:2306} INFO - Starting attempt 1 of 2
[2025-11-25T15:45:01.735+0000] {taskinstance.py:2330} INFO - Executing <Task(BashOperator): preprocess_data> on 2025-11-25 15:40:00+00:00
[2025-11-25T15:45:01.742+0000] {standard_task_runner.py:63} INFO - Started process 84 to run task
[2025-11-25T15:45:01.748+0000] {standard_task_runner.py:90} INFO - Running: ['***', 'tasks', 'run', 'titanic_pipeline', 'preprocess_data', 'scheduled__2025-11-25T15:40:00+00:00', '--job-id', '10', '--raw', '--subdir', 'DAGS_FOLDER/training_pipeline_dag.py', '--cfg-path', '/tmp/tmpygqs2pw_']
[2025-11-25T15:45:01.749+0000] {standard_task_runner.py:91} INFO - Job 10: Subtask preprocess_data
[2025-11-25T15:45:01.767+0000] {warnings.py:109} WARNING - /home/***/.local/lib/python3.10/site-packages/***/settings.py:195: DeprecationWarning: The sql_alchemy_conn option in [core] has been moved to the sql_alchemy_conn option in [database] - the old setting has been used, but please update your config.
  SQL_ALCHEMY_CONN = conf.get("database", "SQL_ALCHEMY_CONN")

[2025-11-25T15:45:01.835+0000] {task_command.py:426} INFO - Running <TaskInstance: titanic_pipeline.preprocess_data scheduled__2025-11-25T15:40:00+00:00 [running]> on host dbedf4b22c46
[2025-11-25T15:45:01.959+0000] {taskinstance.py:2648} INFO - Exporting env vars: AIRFLOW_CTX_DAG_OWNER='***' AIRFLOW_CTX_DAG_ID='titanic_pipeline' AIRFLOW_CTX_TASK_ID='preprocess_data' AIRFLOW_CTX_EXECUTION_DATE='2025-11-25T15:40:00+00:00' AIRFLOW_CTX_TRY_NUMBER='1' AIRFLOW_CTX_DAG_RUN_ID='scheduled__2025-11-25T15:40:00+00:00'
[2025-11-25T15:45:01.960+0000] {taskinstance.py:430} INFO - ::endgroup::
[2025-11-25T15:45:02.081+0000] {subprocess.py:63} INFO - Tmp dir root location: /tmp
[2025-11-25T15:45:02.085+0000] {subprocess.py:75} INFO - Running command: ['/usr/bin/bash', '-c', 'python /opt/***/scripts/preprocess.py /opt/***/data/raw_data.csv /opt/***/data/cleaned_data.csv']
[2025-11-25T15:45:02.106+0000] {subprocess.py:86} INFO - Output:
[2025-11-25T15:45:03.755+0000] {subprocess.py:93} INFO - Loading raw data from: /opt/***/data/raw_data.csv
[2025-11-25T15:45:03.757+0000] {subprocess.py:93} INFO - ERROR: Input file not found at /opt/***/data/raw_data.csv. Cannot proceed.
[2025-11-25T15:45:03.860+0000] {subprocess.py:97} INFO - Command exited with return code 1
[2025-11-25T15:45:03.861+0000] {taskinstance.py:441} INFO - ::group::Post task execution logs
[2025-11-25T15:45:03.872+0000] {taskinstance.py:2905} ERROR - Task failed with exception
Traceback (most recent call last):
  File "/home/airflow/.local/lib/python3.10/site-packages/airflow/models/taskinstance.py", line 465, in _execute_task
    result = _execute_callable(context=context, **execute_callable_kwargs)
  File "/home/airflow/.local/lib/python3.10/site-packages/airflow/models/taskinstance.py", line 432, in _execute_callable
    return execute_callable(context=context, **execute_callable_kwargs)
  File "/home/airflow/.local/lib/python3.10/site-packages/airflow/models/baseoperator.py", line 401, in wrapper
    return func(self, *args, **kwargs)
  File "/home/airflow/.local/lib/python3.10/site-packages/airflow/operators/bash.py", line 243, in execute
    raise AirflowException(
airflow.exceptions.AirflowException: Bash command failed. The command returned a non-zero exit code 1.
[2025-11-25T15:45:03.880+0000] {taskinstance.py:1206} INFO - Marking task as UP_FOR_RETRY. dag_id=titanic_pipeline, task_id=preprocess_data, run_id=scheduled__2025-11-25T15:40:00+00:00, execution_date=20251125T154000, start_date=20251125T154501, end_date=20251125T154503
[2025-11-25T15:45:03.898+0000] {standard_task_runner.py:110} ERROR - Failed to execute job 10 for task preprocess_data (Bash command failed. The command returned a non-zero exit code 1.; 84)
[2025-11-25T15:45:03.940+0000] {local_task_job_runner.py:240} INFO - Task exited with return code 1
[2025-11-25T15:45:03.962+0000] {taskinstance.py:3503} INFO - 0 downstream tasks scheduled from follow-on schedule check
[2025-11-25T15:45:03.967+0000] {local_task_job_runner.py:222} INFO - ::endgroup::
